<?xml version="1.0" encoding="UTF-8"?>
<testng-results skipped="0" failed="0" total="1" passed="1">
  <reporter-output>
  </reporter-output>
  <suite name="Default suite" duration-ms="4206" started-at="2021-04-03T07:14:50Z" finished-at="2021-04-03T07:14:54Z">
    <groups>
    </groups>
    <test name="Default test" duration-ms="4206" started-at="2021-04-03T07:14:50Z" finished-at="2021-04-03T07:14:54Z">
      <class name="Shreyansh.Project1.TC001_GET_Request">
        <test-method status="PASS" signature="getwhetherdetails()[pri:0, instance:Shreyansh.Project1.TC001_GET_Request@46d56d67]" name="getwhetherdetails" duration-ms="4190" started-at="2021-04-03T12:44:50Z" finished-at="2021-04-03T12:44:54Z">
          <reporter-output>
          </reporter-output>
        </test-method> <!-- getwhetherdetails -->
      </class> <!-- Shreyansh.Project1.TC001_GET_Request -->
    </test> <!-- Default test -->
  </suite> <!-- Default suite -->
</testng-results>
